0 info it worked if it ends with ok
1 verbose cli [ 'node', '/usr/local/bin/npm', 'start' ]
2 info using npm@2.13.4
3 info using node@v0.10.25
4 verbose node symlink /usr/bin/node
5 verbose run-script [ 'prestart', 'start', 'poststart' ]
6 info prestart gulpjs6react@1.0.0
7 info start gulpjs6react@1.0.0
8 verbose unsafe-perm in lifecycle true
9 info gulpjs6react@1.0.0 Failed to exec start script
10 verbose stack Error: gulpjs6react@1.0.0 start: `node server.js`
10 verbose stack Exit status 8
10 verbose stack     at EventEmitter.<anonymous> (/usr/local/lib/node_modules/npm/lib/utils/lifecycle.js:214:16)
10 verbose stack     at EventEmitter.emit (events.js:98:17)
10 verbose stack     at ChildProcess.<anonymous> (/usr/local/lib/node_modules/npm/lib/utils/spawn.js:24:14)
10 verbose stack     at ChildProcess.EventEmitter.emit (events.js:98:17)
10 verbose stack     at maybeClose (child_process.js:743:16)
10 verbose stack     at Process.ChildProcess._handle.onexit (child_process.js:810:5)
11 verbose pkgid gulpjs6react@1.0.0
12 verbose cwd /home/ammar/Work/react-gridify
13 error Linux 3.13.0-85-generic
14 error argv "node" "/usr/local/bin/npm" "start"
15 error node v0.10.25
16 error npm  v2.13.4
17 error code ELIFECYCLE
18 error gulpjs6react@1.0.0 start: `node server.js`
18 error Exit status 8
19 error Failed at the gulpjs6react@1.0.0 start script 'node server.js'.
19 error This is most likely a problem with the gulpjs6react package,
19 error not with npm itself.
19 error Tell the author that this fails on your system:
19 error     node server.js
19 error You can get their info via:
19 error     npm owner ls gulpjs6react
19 error There is likely additional logging output above.
20 verbose exit [ 1, true ]
